proguard/seeds.txt
com.liuyao.gobang.ui.MainActivity
com.liuyao.gobang.ui.MainActivity: MainActivity()
com.liuyao.gobang.ui.R$array: int jinshou
com.liuyao.gobang.ui.R$array: int qi
com.liuyao.gobang.ui.R$array: int xianshou
com.liuyao.gobang.ui.R$color: int aliceblue
com.liuyao.gobang.ui.R$color: int antiquewhite
com.liuyao.gobang.ui.R$color: int aqua
com.liuyao.gobang.ui.R$color: int aquamarine
com.liuyao.gobang.ui.R$color: int azure
com.liuyao.gobang.ui.R$color: int background
com.liuyao.gobang.ui.R$color: int bar_corner
com.liuyao.gobang.ui.R$color: int beige
com.liuyao.gobang.ui.R$color: int bisque
com.liuyao.gobang.ui.R$color: int black
com.liuyao.gobang.ui.R$color: int blanchedalmond
com.liuyao.gobang.ui.R$color: int blue
com.liuyao.gobang.ui.R$color: int blueviolet
com.liuyao.gobang.ui.R$color: int bottom_bar_background
com.liuyao.gobang.ui.R$color: int brown
com.liuyao.gobang.ui.R$color: int burlywood
com.liuyao.gobang.ui.R$color: int businfo
com.liuyao.gobang.ui.R$color: int button_textview_selected_color
com.liuyao.gobang.ui.R$color: int button_textview_selected_color_clicked
com.liuyao.gobang.ui.R$color: int button_textview_unselected_color
com.liuyao.gobang.ui.R$color: int cadetblue
com.liuyao.gobang.ui.R$color: int card_bold_gray
com.liuyao.gobang.ui.R$color: int chartreuse
com.liuyao.gobang.ui.R$color: int chocolate
com.liuyao.gobang.ui.R$color: int coral
com.liuyao.gobang.ui.R$color: int cornflowerblue
com.liuyao.gobang.ui.R$color: int cornsilk
com.liuyao.gobang.ui.R$color: int crimson
com.liuyao.gobang.ui.R$color: int cyan
com.liuyao.gobang.ui.R$color: int darkblue
com.liuyao.gobang.ui.R$color: int darkcyan
com.liuyao.gobang.ui.R$color: int darkgoldenrod
com.liuyao.gobang.ui.R$drawable: int bg
com.liuyao.gobang.ui.R$drawable: int black
com.liuyao.gobang.ui.R$drawable: int draw
com.liuyao.gobang.ui.R$drawable: int ic_launcher
com.liuyao.gobang.ui.R$drawable: int logo
com.liuyao.gobang.ui.R$drawable: int newgame
com.liuyao.gobang.ui.R$drawable: int retract
com.liuyao.gobang.ui.R$drawable: int retry
com.liuyao.gobang.ui.R$drawable: int white
com.liuyao.gobang.ui.R$id: int huiqi
com.liuyao.gobang.ui.R$id: int jinshou_spinner
com.liuyao.gobang.ui.R$id: int newgame
com.liuyao.gobang.ui.R$id: int qi_spinner
com.liuyao.gobang.ui.R$id: int snake
com.liuyao.gobang.ui.R$id: int text_huiqi
com.liuyao.gobang.ui.R$id: int text_newgame
com.liuyao.gobang.ui.R$id: int text_xuhao
com.liuyao.gobang.ui.R$id: int xianshou_spinner
com.liuyao.gobang.ui.R$id: int xuhao
com.liuyao.gobang.ui.R$layout: int five_game_view
com.liuyao.gobang.ui.R$layout: int set_layout
com.liuyao.gobang.ui.R$raw: int click
com.liuyao.gobang.ui.R$raw: int loss
com.liuyao.gobang.ui.R$string: int app_name
...
android.support.v4.content.WakefulBroadcastReceiver
android.support.v4.media.MediaMetadataCompat
android.support.v4.media.MediaMetadataCompat: android.os.Parcelable$Creator CREATOR
android.support.v4.media.RatingCompat
android.support.v4.media.RatingCompat: android.os.Parcelable$Creator CREATOR
android.support.v4.media.session.MediaSessionCompat$Token
android.support.v4.media.session.MediaSessionCompat$Token: android.os.Parcelable$Creator CREATOR
android.support.v4.media.session.PlaybackStateCompat
android.support.v4.media.session.PlaybackStateCompat: android.os.Parcelable$Creator CREATOR
android.support.v4.view.PagerTabStrip
android.support.v4.view.PagerTabStrip: PagerTabStrip(android.content.Context)
android.support.v4.view.PagerTabStrip: PagerTabStrip(android.content.Context,android.util.AttributeSet)
android.support.v4.view.PagerTabStrip: void setTabIndicatorColor(int)
android.support.v4.view.PagerTabStrip: void setTabIndicatorColorResource(int)
android.support.v4.view.PagerTabStrip: int getTabIndicatorColor()
android.support.v4.view.PagerTabStrip: void setPadding(int,int,int,int)
android.support.v4.view.PagerTabStrip: void setTextSpacing(int)
android.support.v4.view.PagerTabStrip: void setBackgroundDrawable(android.graphics.drawable.Drawable)
android.support.v4.view.PagerTabStrip: void setBackgroundColor(int)
android.support.v4.view.PagerTabStrip: void setBackgroundResource(int)
android.support.v4.view.PagerTabStrip: void setDrawFullUnderline(boolean)
android.support.v4.view.PagerTabStrip: boolean getDrawFullUnderline()
android.support.v4.view.PagerTabStrip: int getMinHeight()
android.support.v4.view.PagerTitleStrip
android.support.v4.view.PagerTitleStrip: void setSingleLineAllCaps(android.widget.TextView)
android.support.v4.view.PagerTitleStrip: PagerTitleStrip(android.content.Context)
android.support.v4.view.PagerTitleStrip: PagerTitleStrip(android.content.Context,android.util.AttributeSet)
android.support.v4.view.PagerTitleStrip: void setTextSpacing(int)
android.support.v4.view.PagerTitleStrip: int getTextSpacing()
android.support.v4.view.PagerTitleStrip: void setNonPrimaryAlpha(float)
android.support.v4.view.PagerTitleStrip: void setTextColor(int)
android.support.v4.view.PagerTitleStrip: void setTextSize(int,float)
android.support.v4.view.PagerTitleStrip: void setGravity(int)
android.support.v4.view.PagerTitleStrip: int getMinHeight()
android.support.v4.view.ViewPager
android.support.v4.view.ViewPager: ViewPager(android.content.Context)
android.support.v4.view.ViewPager: ViewPager(android.content.Context,android.util.AttributeSet)
android.support.v4.view.ViewPager: void setScrollState(int)
android.support.v4.view.ViewPager: void setAdapter(android.support.v4.view.PagerAdapter)
android.support.v4.view.ViewPager: android.support.v4.view.PagerAdapter getAdapter()
android.support.v4.view.ViewPager: void setOnAdapterChangeListener(android.support.v4.view.ViewPager$OnAdapterChangeListener)
android.support.v4.view.ViewPager: int getClientWidth()
android.support.v4.view.ViewPager: void setCurrentItem(int)
android.support.v4.view.ViewPager: void setCurrentItem(int,boolean)
android.support.v4.view.ViewPager: int getCurrentItem()
android.support.v4.view.ViewPager: void setOnPageChangeListener(android.support.v4.view.ViewPager$OnPageChangeListener)
android.support.v4.view.ViewPager: void setPageTransformer(boolean,android.support.v4.view.ViewPager$PageTransformer)
android.support.v4.view.ViewPager: void setChildrenDrawingOrderEnabledCompat(boolean)
android.support.v4.view.ViewPager: int getOffscreenPageLimit()
android.support.v4.view.ViewPager: void setOffscreenPageLimit(int)
android.support.v4.view.ViewPager: void setPageMargin(int)
android.support.v4.view.ViewPager: int getPageMargin()
android.support.v4.view.ViewPager: void setPageMarginDrawable(android.graphics.drawable.Drawable)