proguard/mapping.txt
com.liuyao.gobang.ui.MainActivity -> com.liuyao.gobang.ui.MainActivity:
    com.liuyao.gobang.widget.Chessboard gameView -> a
    net.liuyao.core.Gobang gobang -> b
    android.media.MediaPlayer mp -> c
    android.widget.Button btn_new -> d
    android.widget.Button btn_back -> e
    android.widget.Button btn_xuhao -> f
    android.widget.TextView text_new -> g
    android.widget.TextView text_back -> h
    android.widget.TextView text_xuhao -> i
    android.app.AlertDialog alert -> j
    android.app.AlertDialog alertExit -> k
    void onCreate(android.os.Bundle) -> onCreate
    void initMp() -> a
    void playSound(int) -> a
    void initView() -> b
    void initGobang() -> c
    void newGame() -> d
    void huiqi() -> e
    void showSetDialog() -> f
    void onResume() -> onResume
    void onStop() -> onStop
    boolean onKeyDown(int,android.view.KeyEvent) -> onKeyDown
    void exitAlert() -> g
    void access$0(com.liuyao.gobang.ui.MainActivity) -> a
    void access$1(com.liuyao.gobang.ui.MainActivity) -> b
    com.liuyao.gobang.widget.Chessboard access$2(com.liuyao.gobang.ui.MainActivity) -> c
    void access$3(com.liuyao.gobang.ui.MainActivity,int) -> a
    net.liuyao.core.Gobang access$4(com.liuyao.gobang.ui.MainActivity) -> d
    android.app.AlertDialog access$5(com.liuyao.gobang.ui.MainActivity) -> e
    void access$6(com.liuyao.gobang.ui.MainActivity) -> f
    android.app.AlertDialog access$7(com.liuyao.gobang.ui.MainActivity) -> g
com.liuyao.gobang.ui.MainActivity$1 -> ip:
    com.liuyao.gobang.ui.MainActivity this$0 -> a
    void run() -> run
com.liuyao.gobang.ui.MainActivity$10 -> iq:
    com.liuyao.gobang.ui.MainActivity this$0 -> a
    void onClick(android.content.DialogInterface,int) -> onClick
com.liuyao.gobang.ui.MainActivity$2 -> ir:
    com.liuyao.gobang.ui.MainActivity this$0 -> a
    void onClick(android.view.View) -> onClick
com.liuyao.gobang.ui.MainActivity$3 -> is:
    com.liuyao.gobang.ui.MainActivity this$0 -> a
    void onClick(android.view.View) -> onClick
com.liuyao.gobang.ui.MainActivity$4 -> it:
    com.liuyao.gobang.ui.MainActivity this$0 -> a
    void onClick(android.view.View) -> onClick
com.liuyao.gobang.ui.MainActivity$5 -> iu:
    com.liuyao.gobang.ui.MainActivity this$0 -> a
    void playMp3() -> a
com.liuyao.gobang.ui.MainActivity$6 -> iv:
    com.liuyao.gobang.ui.MainActivity this$0 -> a
    void AIWinCallback() -> a
com.liuyao.gobang.ui.MainActivity$7 -> iw:
    com.liuyao.gobang.ui.MainActivity this$0 -> a
    void playerWinCallback() -> a
com.liuyao.gobang.ui.MainActivity$8 -> ix:
    com.liuyao.gobang.ui.MainActivity this$0 -> a
    void run() -> run
com.liuyao.gobang.ui.MainActivity$9 -> iy:
    com.liuyao.gobang.ui.MainActivity this$0 -> a
    android.widget.Spinner val$xianshou_spinner -> b
    android.widget.Spinner val$jinshou_spinner -> c
    android.widget.Spinner val$qi_spinner -> d
    void onClick(android.content.DialogInterface,int) -> onClick
...
android.support.v4.view.accessibility.AccessibilityNodeProviderCompatJellyBean$AccessibilityNodeInfoBridge -> fz:
    java.lang.Object createAccessibilityNodeInfo(int) -> a
    boolean performAction(int,int,android.os.Bundle) -> a
    java.util.List findAccessibilityNodeInfosByText(java.lang.String,int) -> a
android.support.v4.view.accessibility.AccessibilityNodeProviderCompatKitKat -> ga:
    java.lang.Object newAccessibilityNodeProviderBridge(android.support.v4.view.accessibility.AccessibilityNodeProviderCompatKitKat$AccessibilityNodeInfoBridge) -> a
android.support.v4.view.accessibility.AccessibilityNodeProviderCompatKitKat$1 -> gb:
    android.support.v4.view.accessibility.AccessibilityNodeProviderCompatKitKat$AccessibilityNodeInfoBridge val$bridge -> a
    android.view.accessibility.AccessibilityNodeInfo createAccessibilityNodeInfo(int) -> createAccessibilityNodeInfo
    java.util.List findAccessibilityNodeInfosByText(java.lang.String,int) -> findAccessibilityNodeInfosByText
    boolean performAction(int,int,android.os.Bundle) -> performAction
    android.view.accessibility.AccessibilityNodeInfo findFocus(int) -> findFocus
android.support.v4.view.accessibility.AccessibilityNodeProviderCompatKitKat$AccessibilityNodeInfoBridge -> gc:
    java.lang.Object createAccessibilityNodeInfo(int) -> a
    boolean performAction(int,int,android.os.Bundle) -> a
    java.util.List findAccessibilityNodeInfosByText(java.lang.String,int) -> a
    java.lang.Object findFocus(int) -> b
android.support.v4.view.accessibility.AccessibilityRecordCompat -> gd:
    android.support.v4.view.accessibility.AccessibilityRecordCompat$AccessibilityRecordImpl IMPL -> a
    java.lang.Object mRecord -> b
    android.support.v4.view.accessibility.AccessibilityRecordCompat obtain() -> a
    void setScrollable(boolean) -> a
    void setItemCount(int) -> a
    void setFromIndex(int) -> b
    void setToIndex(int) -> c
    int hashCode() -> hashCode
    boolean equals(java.lang.Object) -> equals
android.support.v4.view.accessibility.AccessibilityRecordCompat$AccessibilityRecordIcsImpl -> ge:
    java.lang.Object obtain() -> a
    void setFromIndex(java.lang.Object,int) -> a
    void setItemCount(java.lang.Object,int) -> b
    void setScrollable(java.lang.Object,boolean) -> a
    void setToIndex(java.lang.Object,int) -> c
android.support.v4.view.accessibility.AccessibilityRecordCompat$AccessibilityRecordIcsMr1Impl -> gf:
android.support.v4.view.accessibility.AccessibilityRecordCompat$AccessibilityRecordImpl -> gg:
    java.lang.Object obtain() -> a
    void setScrollable(java.lang.Object,boolean) -> a
    void setItemCount(java.lang.Object,int) -> b
    void setFromIndex(java.lang.Object,int) -> a
    void setToIndex(java.lang.Object,int) -> c
android.support.v4.view.accessibility.AccessibilityRecordCompat$AccessibilityRecordJellyBeanImpl -> gh:
android.support.v4.view.accessibility.AccessibilityRecordCompat$AccessibilityRecordStubImpl -> gi:
    java.lang.Object obtain() -> a
    void setFromIndex(java.lang.Object,int) -> a
    void setItemCount(java.lang.Object,int) -> b
    void setScrollable(java.lang.Object,boolean) -> a
    void setToIndex(java.lang.Object,int) -> c
android.support.v4.view.accessibility.AccessibilityRecordCompatIcs -> gj:
    java.lang.Object obtain() -> a
    void setFromIndex(java.lang.Object,int) -> a
    void setItemCount(java.lang.Object,int) -> b
    void setScrollable(java.lang.Object,boolean) -> a
    void setToIndex(java.lang.Object,int) -> c
android.support.v4.widget.CircleImageView -> gk:
    android.view.animation.Animation$AnimationListener mListener -> a
    int mShadowRadius -> b
    boolean elevationSupported() -> a
    void onMeasure(int,int) -> onMeasure
    void setAnimationListener(android.view.animation.Animation$AnimationListener) -> a
    void onAnimationStart() -> onAnimationStart
    void onAnimationEnd() -> onAnimationEnd
    void setBackgroundColor(int) -> setBackgroundColor