proguard/usage.txt
com.liuyao.gobang.ui.BuildConfig
com.liuyao.gobang.ui.R
com.liuyao.gobang.ui.R$array
com.liuyao.gobang.ui.R$attr
com.liuyao.gobang.ui.R$color
com.liuyao.gobang.ui.R$drawable
com.liuyao.gobang.ui.R$id
com.liuyao.gobang.ui.R$layout
com.liuyao.gobang.ui.R$raw
com.liuyao.gobang.ui.R$string
...
android.support.v4.media.session.MediaSessionCompat$Callback$StubApi21
android.support.v4.media.session.MediaSessionCompat$MediaSessionImpl
android.support.v4.media.session.MediaSessionCompat$MediaSessionImplApi21
android.support.v4.media.session.MediaSessionCompat$MediaSessionImplBase
android.support.v4.media.session.MediaSessionCompat$Token:
    447:447:public java.lang.Object getToken()
android.support.v4.media.session.MediaSessionCompatApi21
android.support.v4.media.session.MediaSessionCompatApi21$Callback
android.support.v4.media.session.MediaSessionCompatApi21$CallbackProxy
android.support.v4.media.session.PlaybackStateCompat:
    public static final long ACTION_STOP
    public static final long ACTION_PAUSE
    public static final long ACTION_PLAY
    public static final long ACTION_REWIND
    public static final long ACTION_SKIP_TO_PREVIOUS
    public static final long ACTION_SKIP_TO_NEXT
    public static final long ACTION_FAST_FORWARD
    public static final long ACTION_SET_RATING
    public static final long ACTION_SEEK_TO
    public static final long ACTION_PLAY_PAUSE
    public static final long ACTION_PLAY_FROM_MEDIA_ID
    public static final long ACTION_PLAY_FROM_SEARCH
    public static final long ACTION_SKIP_TO_QUEUE_ITEM
    public static final int STATE_NONE
    public static final int STATE_STOPPED
    public static final int STATE_PAUSED
    public static final int STATE_PLAYING
    public static final int STATE_FAST_FORWARDING
    public static final int STATE_REWINDING
    public static final int STATE_BUFFERING
    public static final int STATE_ERROR
    public static final int STATE_CONNECTING
    public static final int STATE_SKIPPING_TO_PREVIOUS
    public static final int STATE_SKIPPING_TO_NEXT
    public static final long PLAYBACK_POSITION_UNKNOWN
    private java.lang.Object mStateObj
    220:228:private PlaybackStateCompat(int,long,long,float,long,java.lang.CharSequence,long)
    283:283:public int getState()
    290:290:public long getPosition()
    299:299:public long getBufferedPosition()
android.support.v4.media.session.PlaybackStateCompat$Builder
android.support.v4.media.session.PlaybackStateCompatApi21
android.support.v4.net.ConnectivityManagerCompat
android.support.v4.net.ConnectivityManagerCompat$BaseConnectivityManagerCompatImpl
android.support.v4.net.ConnectivityManagerCompat$ConnectivityManagerCompatImpl
android.support.v4.net.ConnectivityManagerCompat$GingerbreadConnectivityManagerCompatImpl
android.support.v4.net.ConnectivityManagerCompat$HoneycombMR2ConnectivityManagerCompatImpl
android.support.v4.net.ConnectivityManagerCompat$JellyBeanConnectivityManagerCompatImpl
android.support.v4.net.ConnectivityManagerCompatGingerbread
android.support.v4.net.ConnectivityManagerCompatHoneycombMR2
android.support.v4.net.ConnectivityManagerCompatJellyBean
android.support.v4.net.TrafficStatsCompat
android.support.v4.net.TrafficStatsCompat$1
android.support.v4.net.TrafficStatsCompat$BaseTrafficStatsCompatImpl
android.support.v4.net.TrafficStatsCompat$BaseTrafficStatsCompatImpl$1
android.support.v4.net.TrafficStatsCompat$BaseTrafficStatsCompatImpl$SocketTags
android.support.v4.net.TrafficStatsCompat$IcsTrafficStatsCompatImpl
android.support.v4.net.TrafficStatsCompat$TrafficStatsCompatImpl
android.support.v4.net.TrafficStatsCompatIcs
android.support.v4.os.AsyncTaskCompat
android.support.v4.os.AsyncTaskCompatHoneycomb
android.support.v4.os.EnvironmentCompat
android.support.v4.os.EnvironmentCompatKitKat
android.support.v4.os.ParcelableCompat:
    26:42:public ParcelableCompat()
android.support.v4.os.ParcelableCompatCreatorHoneycombMR2Stub:
    22:22:ParcelableCompatCreatorHoneycombMR2Stub()
android.support.v4.print.PrintHelper
android.support.v4.print.PrintHelper$1
android.support.v4.print.PrintHelper$OnPrintFinishCallback
android.support.v4.print.PrintHelper$PrintHelperKitkatImpl
android.support.v4.print.PrintHelper$PrintHelperKitkatImpl$1
android.support.v4.print.PrintHelper$PrintHelperKitkatImpl$2